<?xml version="1.0" encoding="UTF-8"?>
<coverage generated="1661450982452" clover="3.2.0">
  <project timestamp="1661450982452" name="All files">
    <metrics statements="63" coveredstatements="63" conditionals="30" coveredconditionals="27" methods="10" coveredmethods="10" elements="103" coveredelements="100" complexity="0" loc="63" ncloc="63" packages="7" files="9" classes="9"/>
    <package name="src">
      <metrics statements="3" coveredstatements="3" conditionals="0" coveredconditionals="0" methods="0" coveredmethods="0"/>
      <file name="app.js" path="/home/rodnei0/projetos/lemon/src/app.js">
        <metrics statements="3" coveredstatements="3" conditionals="0" coveredconditionals="0" methods="0" coveredmethods="0"/>
        <line num="4" count="1" type="stmt"/>
        <line num="5" count="1" type="stmt"/>
        <line num="6" count="1" type="stmt"/>
      </file>
    </package>
    <package name="src.controllers">
      <metrics statements="4" coveredstatements="4" conditionals="0" coveredconditionals="0" methods="1" coveredmethods="1"/>
      <file name="isElectableController.js" path="/home/rodnei0/projetos/lemon/src/controllers/isElectableController.js">
        <metrics statements="4" coveredstatements="4" conditionals="0" coveredconditionals="0" methods="1" coveredmethods="1"/>
        <line num="3" count="1" type="stmt"/>
        <line num="4" count="2" type="stmt"/>
        <line num="6" count="2" type="stmt"/>
        <line num="8" count="2" type="stmt"/>
      </file>
    </package>
    <package name="src.middlewares">
      <metrics statements="7" coveredstatements="7" conditionals="2" coveredconditionals="2" methods="2" coveredmethods="2"/>
      <file name="validateSchemaMiddleware.js" path="/home/rodnei0/projetos/lemon/src/middlewares/validateSchemaMiddleware.js">
        <metrics statements="7" coveredstatements="7" conditionals="2" coveredconditionals="2" methods="2" coveredmethods="2"/>
        <line num="3" count="1" type="stmt"/>
        <line num="4" count="1" type="stmt"/>
        <line num="5" count="3" type="stmt"/>
        <line num="6" count="3" type="stmt"/>
        <line num="7" count="3" type="cond" truecount="2" falsecount="0"/>
        <line num="8" count="1" type="stmt"/>
        <line num="11" count="2" type="stmt"/>
      </file>
    </package>
    <package name="src.routers">
      <metrics statements="4" coveredstatements="4" conditionals="0" coveredconditionals="0" methods="0" coveredmethods="0"/>
      <file name="index.js" path="/home/rodnei0/projetos/lemon/src/routers/index.js">
        <metrics statements="2" coveredstatements="2" conditionals="0" coveredconditionals="0" methods="0" coveredmethods="0"/>
        <line num="4" count="1" type="stmt"/>
        <line num="6" count="1" type="stmt"/>
      </file>
      <file name="isElectableRouter.js" path="/home/rodnei0/projetos/lemon/src/routers/isElectableRouter.js">
        <metrics statements="2" coveredstatements="2" conditionals="0" coveredconditionals="0" methods="0" coveredmethods="0"/>
        <line num="6" count="1" type="stmt"/>
        <line num="8" count="1" type="stmt"/>
      </file>
    </package>
    <package name="src.schemas">
      <metrics statements="3" coveredstatements="3" conditionals="0" coveredconditionals="0" methods="1" coveredmethods="1"/>
      <file name="inputOutputSchema.js" path="/home/rodnei0/projetos/lemon/src/schemas/inputOutputSchema.js">
        <metrics statements="3" coveredstatements="3" conditionals="0" coveredconditionals="0" methods="1" coveredmethods="1"/>
        <line num="3" count="5" type="stmt"/>
        <line num="9" count="1" type="stmt"/>
        <line num="37" count="1" type="stmt"/>
      </file>
    </package>
    <package name="src.services">
      <metrics statements="30" coveredstatements="30" conditionals="28" coveredconditionals="25" methods="4" coveredmethods="4"/>
      <file name="isElectableService.js" path="/home/rodnei0/projetos/lemon/src/services/isElectableService.js">
        <metrics statements="30" coveredstatements="30" conditionals="28" coveredconditionals="25" methods="4" coveredmethods="4"/>
        <line num="3" count="2" type="stmt"/>
        <line num="5" count="2" type="stmt"/>
        <line num="7" count="2" type="stmt"/>
        <line num="8" count="2" type="stmt"/>
        <line num="9" count="2" type="stmt"/>
        <line num="11" count="2" type="cond" truecount="2" falsecount="0"/>
        <line num="12" count="2" type="cond" truecount="1" falsecount="1"/>
        <line num="13" count="2" type="cond" truecount="1" falsecount="1"/>
        <line num="15" count="2" type="cond" truecount="2" falsecount="0"/>
        <line num="17" count="1" type="stmt"/>
        <line num="18" count="1" type="stmt"/>
        <line num="20" count="1" type="stmt"/>
        <line num="25" count="1" type="stmt"/>
        <line num="31" count="2" type="stmt"/>
        <line num="34" count="2" type="stmt"/>
        <line num="35" count="3" type="cond" truecount="4" falsecount="0"/>
        <line num="36" count="2" type="stmt"/>
        <line num="38" count="1" type="stmt"/>
        <line num="41" count="2" type="stmt"/>
        <line num="42" count="3" type="cond" truecount="4" falsecount="0"/>
        <line num="43" count="1" type="stmt"/>
        <line num="45" count="2" type="stmt"/>
        <line num="48" count="2" type="stmt"/>
        <line num="49" count="7" type="stmt"/>
        <line num="51" count="7" type="cond" truecount="2" falsecount="0"/>
        <line num="52" count="2" type="cond" truecount="2" falsecount="0"/>
        <line num="54" count="5" type="cond" truecount="2" falsecount="0"/>
        <line num="55" count="3" type="cond" truecount="2" falsecount="0"/>
        <line num="57" count="2" type="cond" truecount="1" falsecount="1"/>
        <line num="58" count="2" type="cond" truecount="2" falsecount="0"/>
      </file>
    </package>
    <package name="src.utils">
      <metrics statements="12" coveredstatements="12" conditionals="0" coveredconditionals="0" methods="2" coveredmethods="2"/>
      <file name="calculateComsumption.js" path="/home/rodnei0/projetos/lemon/src/utils/calculateComsumption.js">
        <metrics statements="7" coveredstatements="7" conditionals="0" coveredconditionals="0" methods="2" coveredmethods="2"/>
        <line num="1" count="2" type="stmt"/>
        <line num="2" count="8" type="stmt"/>
        <line num="3" count="8" type="stmt"/>
        <line num="5" count="8" type="stmt"/>
        <line num="6" count="24" type="stmt"/>
        <line num="7" count="24" type="stmt"/>
        <line num="10" count="8" type="stmt"/>
      </file>
      <file name="types.js" path="/home/rodnei0/projetos/lemon/src/utils/types.js">
        <metrics statements="5" coveredstatements="5" conditionals="0" coveredconditionals="0" methods="0" coveredmethods="0"/>
        <line num="1" count="1" type="stmt"/>
        <line num="7" count="1" type="stmt"/>
        <line num="13" count="1" type="stmt"/>
        <line num="15" count="1" type="stmt"/>
        <line num="23" count="1" type="stmt"/>
      </file>
    </package>
  </project>
</coverage>
