{"/home/rodnei0/projetos/lemon/src/app.js": {"path":"/home/rodnei0/projetos/lemon/src/app.js","statementMap":{"0":{"start":{"line":4,"column":12},"end":{"line":4,"column":21}},"1":{"start":{"line":5,"column":0},"end":{"line":5,"column":16}},"2":{"start":{"line":6,"column":0},"end":{"line":6,"column":16}}},"fnMap":{},"branchMap":{},"s":{"0":1,"1":1,"2":1},"f":{},"b":{},"_coverageSchema":"1a1c01bbd47fc00a2c39e90264f33305004495a9","hash":"2075c61cf8397476c79b6511d0568a09a5a23902"}
,"/home/rodnei0/projetos/lemon/src/controllers/isElectableController.js": {"path":"/home/rodnei0/projetos/lemon/src/controllers/isElectableController.js","statementMap":{"0":{"start":{"line":3,"column":27},"end":{"line":9,"column":1}},"1":{"start":{"line":4,"column":18},"end":{"line":4,"column":26}},"2":{"start":{"line":6,"column":16},"end":{"line":6,"column":43}},"3":{"start":{"line":8,"column":1},"end":{"line":8,"column":30}}},"fnMap":{"0":{"name":"(anonymous_0)","decl":{"start":{"line":3,"column":27},"end":{"line":3,"column":28}},"loc":{"start":{"line":3,"column":41},"end":{"line":9,"column":1}},"line":3}},"branchMap":{},"s":{"0":1,"1":2,"2":2,"3":2},"f":{"0":2},"b":{},"_coverageSchema":"1a1c01bbd47fc00a2c39e90264f33305004495a9","hash":"709bbefeb6ba71f32747742298bae160c6f537d0"}
,"/home/rodnei0/projetos/lemon/src/middlewares/validateSchemaMiddleware.js": {"path":"/home/rodnei0/projetos/lemon/src/middlewares/validateSchemaMiddleware.js","statementMap":{"0":{"start":{"line":3,"column":40},"end":{"line":13,"column":1}},"1":{"start":{"line":4,"column":1},"end":{"line":12,"column":3}},"2":{"start":{"line":5,"column":19},"end":{"line":5,"column":34}},"3":{"start":{"line":6,"column":21},"end":{"line":6,"column":56}},"4":{"start":{"line":7,"column":2},"end":{"line":9,"column":3}},"5":{"start":{"line":8,"column":3},"end":{"line":8,"column":100}},"6":{"start":{"line":11,"column":2},"end":{"line":11,"column":9}}},"fnMap":{"0":{"name":"(anonymous_0)","decl":{"start":{"line":3,"column":40},"end":{"line":3,"column":41}},"loc":{"start":{"line":3,"column":52},"end":{"line":13,"column":1}},"line":3},"1":{"name":"(anonymous_1)","decl":{"start":{"line":4,"column":8},"end":{"line":4,"column":9}},"loc":{"start":{"line":4,"column":28},"end":{"line":12,"column":2}},"line":4}},"branchMap":{"0":{"loc":{"start":{"line":7,"column":2},"end":{"line":9,"column":3}},"type":"if","locations":[{"start":{"line":7,"column":2},"end":{"line":9,"column":3}},{"start":{},"end":{}}],"line":7}},"s":{"0":1,"1":1,"2":3,"3":3,"4":3,"5":1,"6":2},"f":{"0":1,"1":3},"b":{"0":[1,2]},"_coverageSchema":"1a1c01bbd47fc00a2c39e90264f33305004495a9","hash":"7f70b4ea7751408cdbf6a3fa4bfbf5b4fbdaa430"}
,"/home/rodnei0/projetos/lemon/src/routers/index.js": {"path":"/home/rodnei0/projetos/lemon/src/routers/index.js","statementMap":{"0":{"start":{"line":4,"column":15},"end":{"line":4,"column":23}},"1":{"start":{"line":6,"column":0},"end":{"line":6,"column":30}}},"fnMap":{},"branchMap":{},"s":{"0":1,"1":1},"f":{},"b":{},"_coverageSchema":"1a1c01bbd47fc00a2c39e90264f33305004495a9","hash":"4c66fb4a5b26f58f2cc74998b373f33ef81a6f92"}
,"/home/rodnei0/projetos/lemon/src/routers/isElectableRouter.js": {"path":"/home/rodnei0/projetos/lemon/src/routers/isElectableRouter.js","statementMap":{"0":{"start":{"line":6,"column":26},"end":{"line":6,"column":34}},"1":{"start":{"line":8,"column":0},"end":{"line":8,"column":85}}},"fnMap":{},"branchMap":{},"s":{"0":1,"1":1},"f":{},"b":{},"_coverageSchema":"1a1c01bbd47fc00a2c39e90264f33305004495a9","hash":"7faa3f300dd17fb886def22010329b24162b4ad0"}
,"/home/rodnei0/projetos/lemon/src/schemas/inputOutputSchema.js": {"path":"/home/rodnei0/projetos/lemon/src/schemas/inputOutputSchema.js","statementMap":{"0":{"start":{"line":3,"column":15},"end":{"line":7,"column":2}},"1":{"start":{"line":3,"column":26},"end":{"line":7,"column":1}},"2":{"start":{"line":9,"column":21},"end":{"line":35,"column":1}},"3":{"start":{"line":37,"column":22},"end":{"line":69,"column":1}}},"fnMap":{"0":{"name":"(anonymous_0)","decl":{"start":{"line":3,"column":15},"end":{"line":3,"column":16}},"loc":{"start":{"line":3,"column":26},"end":{"line":7,"column":1}},"line":3}},"branchMap":{},"s":{"0":2,"1":10,"2":2,"3":2},"f":{"0":10},"b":{},"_coverageSchema":"1a1c01bbd47fc00a2c39e90264f33305004495a9","hash":"f7a0e9aaa35f8569ce78dfd92586ab75b4d9f8c9"}
,"/home/rodnei0/projetos/lemon/src/services/isElectableService.js": {"path":"/home/rodnei0/projetos/lemon/src/services/isElectableService.js","statementMap":{"0":{"start":{"line":5,"column":33},"end":{"line":36,"column":1}},"1":{"start":{"line":7,"column":28},"end":{"line":7,"column":30}},"2":{"start":{"line":9,"column":37},"end":{"line":9,"column":85}},"3":{"start":{"line":10,"column":35},"end":{"line":10,"column":85}},"4":{"start":{"line":11,"column":39},"end":{"line":11,"column":116}},"5":{"start":{"line":13,"column":1},"end":{"line":13,"column":89}},"6":{"start":{"line":14,"column":1},"end":{"line":14,"column":90}},"7":{"start":{"line":15,"column":1},"end":{"line":15,"column":103}},"8":{"start":{"line":17,"column":1},"end":{"line":31,"column":2}},"9":{"start":{"line":19,"column":14},"end":{"line":19,"column":16}},"10":{"start":{"line":20,"column":31},"end":{"line":20,"column":80}},"11":{"start":{"line":22,"column":2},"end":{"line":25,"column":4}},"12":{"start":{"line":27,"column":2},"end":{"line":30,"column":4}},"13":{"start":{"line":33,"column":1},"end":{"line":33,"column":32}},"14":{"start":{"line":35,"column":1},"end":{"line":35,"column":15}},"15":{"start":{"line":38,"column":38},"end":{"line":43,"column":1}},"16":{"start":{"line":39,"column":1},"end":{"line":41,"column":2}},"17":{"start":{"line":40,"column":2},"end":{"line":40,"column":15}},"18":{"start":{"line":42,"column":1},"end":{"line":42,"column":13}},"19":{"start":{"line":45,"column":36},"end":{"line":50,"column":1}},"20":{"start":{"line":46,"column":1},"end":{"line":48,"column":2}},"21":{"start":{"line":47,"column":2},"end":{"line":47,"column":15}},"22":{"start":{"line":49,"column":1},"end":{"line":49,"column":13}},"23":{"start":{"line":52,"column":40},"end":{"line":64,"column":1}},"24":{"start":{"line":53,"column":32},"end":{"line":53,"column":72}},"25":{"start":{"line":55,"column":1},"end":{"line":57,"column":2}},"26":{"start":{"line":56,"column":2},"end":{"line":56,"column":49}},"27":{"start":{"line":58,"column":1},"end":{"line":60,"column":2}},"28":{"start":{"line":59,"column":2},"end":{"line":59,"column":49}},"29":{"start":{"line":61,"column":1},"end":{"line":63,"column":2}},"30":{"start":{"line":62,"column":2},"end":{"line":62,"column":49}}},"fnMap":{"0":{"name":"(anonymous_0)","decl":{"start":{"line":5,"column":33},"end":{"line":5,"column":34}},"loc":{"start":{"line":5,"column":47},"end":{"line":36,"column":1}},"line":5},"1":{"name":"(anonymous_1)","decl":{"start":{"line":38,"column":38},"end":{"line":38,"column":39}},"loc":{"start":{"line":38,"column":60},"end":{"line":43,"column":1}},"line":38},"2":{"name":"(anonymous_2)","decl":{"start":{"line":45,"column":36},"end":{"line":45,"column":37}},"loc":{"start":{"line":45,"column":56},"end":{"line":50,"column":1}},"line":45},"3":{"name":"(anonymous_3)","decl":{"start":{"line":52,"column":40},"end":{"line":52,"column":41}},"loc":{"start":{"line":52,"column":79},"end":{"line":64,"column":1}},"line":52}},"branchMap":{"0":{"loc":{"start":{"line":13,"column":1},"end":{"line":13,"column":88}},"type":"binary-expr","locations":[{"start":{"line":13,"column":1},"end":{"line":13,"column":29}},{"start":{"line":13,"column":33},"end":{"line":13,"column":88}}],"line":13},"1":{"loc":{"start":{"line":14,"column":1},"end":{"line":14,"column":89}},"type":"binary-expr","locations":[{"start":{"line":14,"column":1},"end":{"line":14,"column":27}},{"start":{"line":14,"column":31},"end":{"line":14,"column":89}}],"line":14},"2":{"loc":{"start":{"line":15,"column":1},"end":{"line":15,"column":102}},"type":"binary-expr","locations":[{"start":{"line":15,"column":1},"end":{"line":15,"column":31}},{"start":{"line":15,"column":35},"end":{"line":15,"column":102}}],"line":15},"3":{"loc":{"start":{"line":17,"column":1},"end":{"line":31,"column":2}},"type":"if","locations":[{"start":{"line":17,"column":1},"end":{"line":31,"column":2}},{"start":{"line":26,"column":8},"end":{"line":31,"column":2}}],"line":17},"4":{"loc":{"start":{"line":39,"column":1},"end":{"line":41,"column":2}},"type":"if","locations":[{"start":{"line":39,"column":1},"end":{"line":41,"column":2}},{"start":{},"end":{}}],"line":39},"5":{"loc":{"start":{"line":39,"column":5},"end":{"line":39,"column":72}},"type":"binary-expr","locations":[{"start":{"line":39,"column":5},"end":{"line":39,"column":40}},{"start":{"line":39,"column":44},"end":{"line":39,"column":72}}],"line":39},"6":{"loc":{"start":{"line":46,"column":1},"end":{"line":48,"column":2}},"type":"if","locations":[{"start":{"line":46,"column":1},"end":{"line":48,"column":2}},{"start":{},"end":{}}],"line":46},"7":{"loc":{"start":{"line":46,"column":5},"end":{"line":46,"column":60}},"type":"binary-expr","locations":[{"start":{"line":46,"column":5},"end":{"line":46,"column":30}},{"start":{"line":46,"column":34},"end":{"line":46,"column":60}}],"line":46},"8":{"loc":{"start":{"line":55,"column":1},"end":{"line":57,"column":2}},"type":"if","locations":[{"start":{"line":55,"column":1},"end":{"line":57,"column":2}},{"start":{},"end":{}}],"line":55},"9":{"loc":{"start":{"line":56,"column":9},"end":{"line":56,"column":48}},"type":"cond-expr","locations":[{"start":{"line":56,"column":36},"end":{"line":56,"column":40}},{"start":{"line":56,"column":43},"end":{"line":56,"column":48}}],"line":56},"10":{"loc":{"start":{"line":58,"column":1},"end":{"line":60,"column":2}},"type":"if","locations":[{"start":{"line":58,"column":1},"end":{"line":60,"column":2}},{"start":{},"end":{}}],"line":58},"11":{"loc":{"start":{"line":59,"column":9},"end":{"line":59,"column":48}},"type":"cond-expr","locations":[{"start":{"line":59,"column":36},"end":{"line":59,"column":40}},{"start":{"line":59,"column":43},"end":{"line":59,"column":48}}],"line":59},"12":{"loc":{"start":{"line":61,"column":1},"end":{"line":63,"column":2}},"type":"if","locations":[{"start":{"line":61,"column":1},"end":{"line":63,"column":2}},{"start":{},"end":{}}],"line":61},"13":{"loc":{"start":{"line":62,"column":9},"end":{"line":62,"column":48}},"type":"cond-expr","locations":[{"start":{"line":62,"column":36},"end":{"line":62,"column":40}},{"start":{"line":62,"column":43},"end":{"line":62,"column":48}}],"line":62}},"s":{"0":2,"1":2,"2":2,"3":2,"4":2,"5":2,"6":2,"7":2,"8":2,"9":1,"10":1,"11":1,"12":1,"13":2,"14":2,"15":2,"16":3,"17":2,"18":1,"19":2,"20":3,"21":1,"22":2,"23":2,"24":7,"25":7,"26":2,"27":5,"28":3,"29":2,"30":2},"f":{"0":2,"1":3,"2":3,"3":7},"b":{"0":[2,1],"1":[2,0],"2":[2,0],"3":[1,1],"4":[2,1],"5":[3,3],"6":[1,2],"7":[3,2],"8":[2,5],"9":[1,1],"10":[3,2],"11":[2,1],"12":[2,0],"13":[1,1]},"_coverageSchema":"1a1c01bbd47fc00a2c39e90264f33305004495a9","hash":"7c9b401166dc97e197d0214bae869f11a3145a09"}
,"/home/rodnei0/projetos/lemon/src/utils/calculateComsumption.js": {"path":"/home/rodnei0/projetos/lemon/src/utils/calculateComsumption.js","statementMap":{"0":{"start":{"line":1,"column":36},"end":{"line":14,"column":1}},"1":{"start":{"line":2,"column":13},"end":{"line":2,"column":14}},"2":{"start":{"line":3,"column":15},"end":{"line":3,"column":16}},"3":{"start":{"line":5,"column":1},"end":{"line":8,"column":4}},"4":{"start":{"line":6,"column":2},"end":{"line":6,"column":16}},"5":{"start":{"line":7,"column":2},"end":{"line":7,"column":12}},"6":{"start":{"line":10,"column":1},"end":{"line":13,"column":3}}},"fnMap":{"0":{"name":"(anonymous_0)","decl":{"start":{"line":1,"column":36},"end":{"line":1,"column":37}},"loc":{"start":{"line":1,"column":60},"end":{"line":14,"column":1}},"line":1},"1":{"name":"(anonymous_1)","decl":{"start":{"line":5,"column":28},"end":{"line":5,"column":29}},"loc":{"start":{"line":5,"column":38},"end":{"line":8,"column":2}},"line":5}},"branchMap":{},"s":{"0":2,"1":8,"2":8,"3":8,"4":24,"5":24,"6":8},"f":{"0":8,"1":24},"b":{},"_coverageSchema":"1a1c01bbd47fc00a2c39e90264f33305004495a9","hash":"37c9860b6f11126c69ee46c938676217842b8940"}
,"/home/rodnei0/projetos/lemon/src/utils/types.js": {"path":"/home/rodnei0/projetos/lemon/src/utils/types.js","statementMap":{"0":{"start":{"line":1,"column":19},"end":{"line":5,"column":1}},"1":{"start":{"line":7,"column":20},"end":{"line":11,"column":1}},"2":{"start":{"line":13,"column":30},"end":{"line":13,"column":69}},"3":{"start":{"line":15,"column":32},"end":{"line":21,"column":1}},"4":{"start":{"line":23,"column":37},"end":{"line":23,"column":80}}},"fnMap":{},"branchMap":{},"s":{"0":2,"1":2,"2":2,"3":2,"4":2},"f":{},"b":{},"_coverageSchema":"1a1c01bbd47fc00a2c39e90264f33305004495a9","hash":"d1c25908f0c5f4ca90dc7306a27bb6e0b65185e7"}
,"/home/rodnei0/projetos/lemon/src/utils/validateSchema.js": {"path":"/home/rodnei0/projetos/lemon/src/utils/validateSchema.js","statementMap":{"0":{"start":{"line":3,"column":30},"end":{"line":11,"column":1}},"1":{"start":{"line":4,"column":18},"end":{"line":4,"column":33}},"2":{"start":{"line":5,"column":20},"end":{"line":5,"column":55}},"3":{"start":{"line":6,"column":1},"end":{"line":9,"column":2}},"4":{"start":{"line":7,"column":2},"end":{"line":7,"column":33}}},"fnMap":{"0":{"name":"(anonymous_0)","decl":{"start":{"line":3,"column":30},"end":{"line":3,"column":31}},"loc":{"start":{"line":3,"column":52},"end":{"line":11,"column":1}},"line":3}},"branchMap":{"0":{"loc":{"start":{"line":6,"column":1},"end":{"line":9,"column":2}},"type":"if","locations":[{"start":{"line":6,"column":1},"end":{"line":9,"column":2}},{"start":{},"end":{}}],"line":6}},"s":{"0":2,"1":2,"2":2,"3":2,"4":1},"f":{"0":2},"b":{"0":[1,1]},"_coverageSchema":"1a1c01bbd47fc00a2c39e90264f33305004495a9","hash":"5f43416996b3bda0f5d5ff802fc88358e8c9a62d"}
}
