TN:
SF:src/app.js
FNF:0
FNH:0
DA:4,1
DA:5,1
DA:6,1
LF:3
LH:3
BRF:0
BRH:0
end_of_record
TN:
SF:src/controllers/isElectableController.js
FN:3,(anonymous_0)
FNF:1
FNH:1
FNDA:2,(anonymous_0)
DA:3,1
DA:4,2
DA:6,2
DA:8,2
LF:4
LH:4
BRF:0
BRH:0
end_of_record
TN:
SF:src/middlewares/validateSchemaMiddleware.js
FN:3,(anonymous_0)
FN:4,(anonymous_1)
FNF:2
FNH:2
FNDA:1,(anonymous_0)
FNDA:3,(anonymous_1)
DA:3,1
DA:4,1
DA:5,3
DA:6,3
DA:7,3
DA:8,1
DA:11,2
LF:7
LH:7
BRDA:7,0,0,1
BRDA:7,0,1,2
BRF:2
BRH:2
end_of_record
TN:
SF:src/routers/index.js
FNF:0
FNH:0
DA:4,1
DA:6,1
LF:2
LH:2
BRF:0
BRH:0
end_of_record
TN:
SF:src/routers/isElectableRouter.js
FNF:0
FNH:0
DA:6,1
DA:8,1
LF:2
LH:2
BRF:0
BRH:0
end_of_record
TN:
SF:src/schemas/inputOutputSchema.js
FN:3,(anonymous_0)
FNF:1
FNH:1
FNDA:5,(anonymous_0)
DA:3,5
DA:9,1
DA:37,1
LF:3
LH:3
BRF:0
BRH:0
end_of_record
TN:
SF:src/services/isElectableService.js
FN:3,(anonymous_0)
FN:34,(anonymous_1)
FN:41,(anonymous_2)
FN:48,(anonymous_3)
FNF:4
FNH:4
FNDA:2,(anonymous_0)
FNDA:3,(anonymous_1)
FNDA:3,(anonymous_2)
FNDA:7,(anonymous_3)
DA:3,2
DA:5,2
DA:7,2
DA:8,2
DA:9,2
DA:11,2
DA:12,2
DA:13,2
DA:15,2
DA:17,1
DA:18,1
DA:20,1
DA:25,1
DA:31,2
DA:34,2
DA:35,3
DA:36,2
DA:38,1
DA:41,2
DA:42,3
DA:43,1
DA:45,2
DA:48,2
DA:49,7
DA:51,7
DA:52,2
DA:54,5
DA:55,3
DA:57,2
DA:58,2
LF:30
LH:30
BRDA:11,0,0,2
BRDA:11,0,1,1
BRDA:12,1,0,2
BRDA:12,1,1,0
BRDA:13,2,0,2
BRDA:13,2,1,0
BRDA:15,3,0,1
BRDA:15,3,1,1
BRDA:35,4,0,2
BRDA:35,4,1,1
BRDA:35,5,0,3
BRDA:35,5,1,3
BRDA:42,6,0,1
BRDA:42,6,1,2
BRDA:42,7,0,3
BRDA:42,7,1,2
BRDA:51,8,0,2
BRDA:51,8,1,5
BRDA:52,9,0,1
BRDA:52,9,1,1
BRDA:54,10,0,3
BRDA:54,10,1,2
BRDA:55,11,0,2
BRDA:55,11,1,1
BRDA:57,12,0,2
BRDA:57,12,1,0
BRDA:58,13,0,1
BRDA:58,13,1,1
BRF:28
BRH:25
end_of_record
TN:
SF:src/utils/calculateComsumption.js
FN:1,(anonymous_0)
FN:5,(anonymous_1)
FNF:2
FNH:2
FNDA:8,(anonymous_0)
FNDA:24,(anonymous_1)
DA:1,2
DA:2,8
DA:3,8
DA:5,8
DA:6,24
DA:7,24
DA:10,8
LF:7
LH:7
BRF:0
BRH:0
end_of_record
TN:
SF:src/utils/types.js
FNF:0
FNH:0
DA:1,1
DA:7,1
DA:13,1
DA:15,1
DA:23,1
LF:5
LH:5
BRF:0
BRH:0
end_of_record
